# JRE version: OpenJDK Runtime Environment (8.0_212-b04) (build 1.8.0_212-release-1586-b04)
# Java VM: OpenJDK 64-Bit Server VM (25.212-b04 mixed mode windows-amd64 compressed oops)
Heap:
 PSYoungGen      total 200704K, used 26979K [0x000000076ab00000, 0x0000000778380000, 0x00000007c0000000)
  eden space 181760K, 4% used [0x000000076ab00000,0x000000076b305218,0x0000000775c80000)
  from space 18944K, 99% used [0x0000000775c80000,0x0000000776ed3cf0,0x0000000776f00000)
  to   space 18944K, 0% used [0x0000000776f00000,0x0000000776f00000,0x0000000778180000)
 ParOldGen       total 134144K, used 33603K [0x00000006c0000000, 0x00000006c8300000, 0x000000076ab00000)
  object space 134144K, 25% used [0x00000006c0000000,0x00000006c20d0e20,0x00000006c8300000)
 Metaspace       used 67315K, capacity 69884K, committed 70168K, reserved 1110016K
  class space    used 9095K, capacity 9736K, committed 9768K, reserved 1048576K
GC Heap History (10 events):
Event: 16.669 GC heap before
{Heap before GC invocations=12 (full 2):
 PSYoungGen      total 112640K, used 100864K [0x000000076ab00000, 0x0000000774900000, 0x00000007c0000000)
  eden space 100864K, 100% used [0x000000076ab00000,0x0000000770d80000,0x0000000770d80000)
  from space 11776K, 0% used [0x0000000770d80000,0x0000000770d80000,0x0000000771900000)
  to   space 12800K, 0% used [0x0000000773c80000,0x0000000773c80000,0x0000000774900000)
 ParOldGen       total 89600K, used 17057K [0x00000006c0000000, 0x00000006c5780000, 0x000000076ab00000)
  object space 89600K, 19% used [0x00000006c0000000,0x00000006c10a8490,0x00000006c5780000)
 Metaspace       used 44310K, capacity 45510K, committed 45864K, reserved 1089536K
  class space    used 5974K, capacity 6333K, committed 6440K, reserved 1048576K
Event: 16.708 GC heap after
Heap after GC invocations=12 (full 2):
 PSYoungGen      total 147456K, used 12791K [0x000000076ab00000, 0x0000000774a80000, 0x00000007c0000000)
  eden space 134656K, 0% used [0x000000076ab00000,0x000000076ab00000,0x0000000772e80000)
  from space 12800K, 99% used [0x0000000773c80000,0x00000007748fdca8,0x0000000774900000)
  to   space 14336K, 0% used [0x0000000772e80000,0x0000000772e80000,0x0000000773c80000)
 ParOldGen       total 89600K, used 17077K [0x00000006c0000000, 0x00000006c5780000, 0x000000076ab00000)
  object space 89600K, 19% used [0x00000006c0000000,0x00000006c10ad4c0,0x00000006c5780000)
 Metaspace       used 44310K, capacity 45510K, committed 45864K, reserved 1089536K
  class space    used 5974K, capacity 6333K, committed 6440K, reserved 1048576K
}
Event: 20.341 GC heap before
{Heap before GC invocations=13 (full 2):
 PSYoungGen      total 147456K, used 147447K [0x000000076ab00000, 0x0000000774a80000, 0x00000007c0000000)
  eden space 134656K, 100% used [0x000000076ab00000,0x0000000772e80000,0x0000000772e80000)
  from space 12800K, 99% used [0x0000000773c80000,0x00000007748fdca8,0x0000000774900000)
  to   space 14336K, 0% used [0x0000000772e80000,0x0000000772e80000,0x0000000773c80000)
 ParOldGen       total 89600K, used 17077K [0x00000006c0000000, 0x00000006c5780000, 0x000000076ab00000)
  object space 89600K, 19% used [0x00000006c0000000,0x00000006c10ad4c0,0x00000006c5780000)
 Metaspace       used 54104K, capacity 56034K, committed 56104K, reserved 1097728K
  class space    used 7374K, capacity 7919K, committed 7976K, reserved 1048576K
Event: 20.417 GC heap after
Heap after GC invocations=13 (full 2):
 PSYoungGen      total 148992K, used 14329K [0x000000076ab00000, 0x0000000778180000, 0x00000007c0000000)
  eden space 134656K, 0% used [0x000000076ab00000,0x000000076ab00000,0x0000000772e80000)
  from space 14336K, 99% used [0x0000000772e80000,0x0000000773c7e440,0x0000000773c80000)
  to   space 18944K, 0% used [0x0000000776f00000,0x0000000776f00000,0x0000000778180000)
 ParOldGen       total 89600K, used 24973K [0x00000006c0000000, 0x00000006c5780000, 0x000000076ab00000)
  object space 89600K, 27% used [0x00000006c0000000,0x00000006c1863678,0x00000006c5780000)
 Metaspace       used 54104K, capacity 56034K, committed 56104K, reserved 1097728K
  class space    used 7374K, capacity 7919K, committed 7976K, reserved 1048576K
}
Event: 21.629 GC heap before
{Heap before GC invocations=14 (full 2):
 PSYoungGen      total 148992K, used 58304K [0x000000076ab00000, 0x0000000778180000, 0x00000007c0000000)
  eden space 134656K, 32% used [0x000000076ab00000,0x000000076d5f1ce8,0x0000000772e80000)
  from space 14336K, 99% used [0x0000000772e80000,0x0000000773c7e440,0x0000000773c80000)
  to   space 18944K, 0% used [0x0000000776f00000,0x0000000776f00000,0x0000000778180000)
 ParOldGen       total 89600K, used 24973K [0x00000006c0000000, 0x00000006c5780000, 0x000000076ab00000)
  object space 89600K, 27% used [0x00000006c0000000,0x00000006c1863678,0x00000006c5780000)
 Metaspace       used 56961K, capacity 59020K, committed 59160K, reserved 1099776K
  class space    used 7833K, capacity 8396K, committed 8488K, reserved 1048576K
Event: 21.657 GC heap after
Heap after GC invocations=14 (full 2):
 PSYoungGen      total 200704K, used 4498K [0x000000076ab00000, 0x0000000778380000, 0x00000007c0000000)
  eden space 181760K, 0% used [0x000000076ab00000,0x000000076ab00000,0x0000000775c80000)
  from space 18944K, 23% used [0x0000000776f00000,0x00000007773649d8,0x0000000778180000)
  to   space 18944K, 0% used [0x0000000775c80000,0x0000000775c80000,0x0000000776f00000)
 ParOldGen       total 89600K, used 33821K [0x00000006c0000000, 0x00000006c5780000, 0x000000076ab00000)
  object space 89600K, 37% used [0x00000006c0000000,0x00000006c2107458,0x00000006c5780000)
 Metaspace       used 56961K, capacity 59020K, committed 59160K, reserved 1099776K
  class space    used 7833K, capacity 8396K, committed 8488K, reserved 1048576K
}
Event: 21.657 GC heap before
{Heap before GC invocations=15 (full 3):
 PSYoungGen      total 200704K, used 4498K [0x000000076ab00000, 0x0000000778380000, 0x00000007c0000000)
  eden space 181760K, 0% used [0x000000076ab00000,0x000000076ab00000,0x0000000775c80000)
  from space 18944K, 23% used [0x0000000776f00000,0x00000007773649d8,0x0000000778180000)
  to   space 18944K, 0% used [0x0000000775c80000,0x0000000775c80000,0x0000000776f00000)
 ParOldGen       total 89600K, used 33821K [0x00000006c0000000, 0x00000006c5780000, 0x000000076ab00000)
  object space 89600K, 37% used [0x00000006c0000000,0x00000006c2107458,0x00000006c5780000)
 Metaspace       used 56961K, capacity 59020K, committed 59160K, reserved 1099776K
  class space    used 7833K, capacity 8396K, committed 8488K, reserved 1048576K
Event: 22.007 GC heap after
Heap after GC invocations=15 (full 3):
 PSYoungGen      total 200704K, used 0K [0x000000076ab00000, 0x0000000778380000, 0x00000007c0000000)
  eden space 181760K, 0% used [0x000000076ab00000,0x000000076ab00000,0x0000000775c80000)
  from space 18944K, 0% used [0x0000000776f00000,0x0000000776f00000,0x0000000778180000)
  to   space 18944K, 0% used [0x0000000775c80000,0x0000000775c80000,0x0000000776f00000)
 ParOldGen       total 134144K, used 33595K [0x00000006c0000000, 0x00000006c8300000, 0x000000076ab00000)
  object space 134144K, 25% used [0x00000006c0000000,0x00000006c20cee20,0x00000006c8300000)
 Metaspace       used 56961K, capacity 59020K, committed 59160K, reserved 1099776K
  class space    used 7833K, capacity 8396K, committed 8488K, reserved 1048576K
}
Event: 33.174 GC heap before
{Heap before GC invocations=16 (full 3):
 PSYoungGen      total 200704K, used 181760K [0x000000076ab00000, 0x0000000778380000, 0x00000007c0000000)
  eden space 181760K, 100% used [0x000000076ab00000,0x0000000775c80000,0x0000000775c80000)
  from space 18944K, 0% used [0x0000000776f00000,0x0000000776f00000,0x0000000778180000)
  to   space 18944K, 0% used [0x0000000775c80000,0x0000000775c80000,0x0000000776f00000)
 ParOldGen       total 134144K, used 33595K [0x00000006c0000000, 0x00000006c8300000, 0x000000076ab00000)
  object space 134144K, 25% used [0x00000006c0000000,0x00000006c20cee20,0x00000006c8300000)
 Metaspace       used 67268K, capacity 69820K, committed 69912K, reserved 1110016K
  class space    used 9095K, capacity 9736K, committed 9768K, reserved 1048576K
Event: 33.220 GC heap after
Heap after GC invocations=16 (full 3):
 PSYoungGen      total 200704K, used 18767K [0x000000076ab00000, 0x0000000778380000, 0x00000007c0000000)
  eden space 181760K, 0% used [0x000000076ab00000,0x000000076ab00000,0x0000000775c80000)
  from space 18944K, 99% used [0x0000000775c80000,0x0000000776ed3cf0,0x0000000776f00000)
  to   space 18944K, 0% used [0x0000000776f00000,0x0000000776f00000,0x0000000778180000)
 ParOldGen       total 134144K, used 33603K [0x00000006c0000000, 0x00000006c8300000, 0x000000076ab00000)
  object space 134144K, 25% used [0x00000006c0000000,0x00000006c20d0e20,0x00000006c8300000)
 Metaspace       used 67268K, capacity 69820K, committed 69912K, reserved 1110016K
  class space    used 9095K, capacity 9736K, committed 9768K, reserved 1048576K
}

